2024-11-11 13:14:22,193 INFO [main] h.j.p.m.Main [Main.java:19] Program je pokrenut
2024-11-11 13:16:59,110 INFO [main] h.j.p.m.Main [Main.java:19] Program je pokrenut
2024-11-11 13:17:15,012 INFO [main] h.j.p.m.Main [Main.java:33] Stvorena je kategorija hr.java.restaurant.model.Category@1e730495
2024-11-11 13:18:21,804 INFO [main] h.j.p.m.Main [Main.java:19] Program je pokrenut
2024-11-11 13:18:27,974 INFO [main] h.j.p.m.Main [Main.java:33] Stvorena je kategorija meso m
2024-11-11 13:18:38,422 INFO [main] h.j.p.m.Main [Main.java:33] Stvorena je kategorija sdf
2024-11-11 13:18:41,965 INFO [main] h.j.p.m.Main [Main.java:33] Stvorena je kategorija dfd
2024-11-11 13:18:56,351 INFO [main] h.j.p.m.Main [Main.java:40] Stvoren je sastojak dfdf
2024-11-22 09:03:31,669 INFO [main] h.j.p.m.Main [Main.java:31] Program je pokrenut
2024-11-22 09:03:44,749 INFO [main] h.j.p.m.Main [Main.java:31] Program je pokrenut
2024-11-22 09:05:44,125 INFO [main] h.j.p.m.Main [Main.java:31] Program je pokrenut
2024-11-22 09:13:41,048 INFO [main] h.j.p.m.Main [Main.java:31] Program je pokrenut
2024-11-22 09:16:34,220 INFO [main] h.j.p.m.Main [Main.java:31] Program je pokrenut
2024-11-22 09:21:48,781 INFO [main] h.j.p.m.Main [Main.java:31] Program je pokrenut
2024-11-25 15:07:48,956 INFO [main] h.j.p.m.Main [Main.java:37] Program je pokrenut
2024-12-09 11:18:10,828 INFO [main] h.j.p.m.Main [Main.java:39] Program je pokrenut
2024-12-09 12:58:02,481 INFO [main] h.j.p.m.Main [Main.java:40] Program je pokrenut
2024-12-09 13:00:02,633 INFO [main] h.j.p.m.Main [Main.java:40] Program je pokrenut
2024-12-09 13:02:25,404 INFO [main] h.j.p.m.Main [Main.java:40] Program je pokrenut
2024-12-09 13:04:23,709 INFO [main] h.j.p.m.Main [Main.java:40] Program je pokrenut
2024-12-09 13:04:43,158 INFO [main] h.j.p.m.Main [Main.java:40] Program je pokrenut
2024-12-09 13:05:50,877 INFO [main] h.j.p.m.Main [Main.java:40] Program je pokrenut
2024-12-09 13:53:55,993 INFO [main] h.j.p.m.Main [Main.java:41] Program je pokrenut
2024-12-09 13:55:08,504 INFO [main] h.j.p.m.Main [Main.java:41] Program je pokrenut
2024-12-09 14:03:42,782 INFO [main] h.j.p.m.Main [Main.java:42] Program je pokrenut
2024-12-09 14:58:57,764 INFO [main] h.j.p.m.Main [Main.java:39] Program je pokrenut
2024-12-09 14:59:28,895 INFO [main] h.j.p.m.Main [Main.java:39] Program je pokrenut
2024-12-09 14:59:56,151 INFO [main] h.j.p.m.Main [Main.java:39] Program je pokrenut
2024-12-09 15:01:07,575 INFO [main] h.j.p.m.Main [Main.java:39] Program je pokrenut
2024-12-09 15:02:47,711 INFO [main] h.j.p.m.Main [Main.java:39] Program je pokrenut
2024-12-09 15:03:47,670 INFO [main] h.j.p.m.Main [Main.java:39] Program je pokrenut
2024-12-09 15:08:53,138 INFO [main] h.j.p.m.Main [Main.java:39] Program je pokrenut
2024-12-09 15:10:20,131 INFO [main] h.j.p.m.Main [Main.java:39] Program je pokrenut
2024-12-09 15:17:24,989 INFO [main] h.j.p.m.Main [Main.java:39] Program je pokrenut
2024-12-09 15:19:00,616 INFO [main] h.j.p.m.Main [Main.java:39] Program je pokrenut
2024-12-09 15:19:36,594 INFO [main] h.j.p.m.Main [Main.java:39] Program je pokrenut
2024-12-10 14:01:35,197 INFO [main] h.j.p.m.Main [Main.java:39] Program je pokrenut
2024-12-10 14:02:31,923 INFO [main] h.j.p.m.Main [Main.java:39] Program je pokrenut
2024-12-10 14:04:27,435 INFO [main] h.j.p.m.Main [Main.java:39] Program je pokrenut
